<?xml version="1.0" encoding="UTF-8"?>
<testsuites name="jest tests" tests="1" failures="0" errors="0" time="1.567">
  <testsuite name="src/App.test.js" errors="0" failures="0" skipped="0" timestamp="2025-07-15T03:02:51" time="1.108" tests="1">
    <testcase classname="-renders learn Jenkins link" name="-renders learn Jenkins link" time="0.036">
    </testcase>
  </testsuite>
</testsuites>